<?xml version="1.0" encoding="UTF-8"?><testsuite errors="0" failures="0" name="com.herokuapp.restful.herokuappInfo.CreateBookingCRUDTest" skipped="0" tests="4" time="5.35" timestamp="2022-06-05T11:30:26.461+02:00[Europe/Paris]"><testcase classname="com.herokuapp.restful.herokuappInfo.CreateBookingCRUDTest" name="This will Auth user"/><testcase classname="com.herokuapp.restful.herokuappInfo.CreateBookingCRUDTest" name="This will Create a booking user"/><testcase classname="com.herokuapp.restful.herokuappInfo.CreateBookingCRUDTest" name="This will Update a booking"/><testcase classname="com.herokuapp.restful.herokuappInfo.CreateBookingCRUDTest" name="This will Deleted a user"/></testsuite>