<?xml version="1.0" encoding="UTF-8"?><testsuite errors="0" failures="0" name="As a user I would like to perform a CRUD operation of the application" skipped="0" tests="5" time="8.18" timestamp="2022-06-19T00:08:49.674+02:00[Europe/Paris]"><testcase name="I authorize to the application"/><testcase name="I create a booking on the application"/><testcase name="I read a newly created booking from the application"/><testcase name="I update a newly created booking from the application"/><testcase name="I delete a newly created booking from the application"/></testsuite>